<?xml version="1.0" encoding="UTF-8"?>
<!-- Generated by org.testng.reporters.JUnitReportReporter -->
<testsuite hostname="Avinash_Ashwini" failures="0" tests="1" name="TestCases.LoginTest" time="3.934" errors="0" timestamp="2023-12-10T19:53:45 IST" skipped="0">
  <testcase classname="TestCases.LoginTest" name="Login" time="3.934"/>
</testsuite> <!-- TestCases.LoginTest -->
