<?xml version="1.0" encoding="UTF-8"?>
<!-- Generated by org.testng.reporters.JUnitReportReporter -->
<testsuite hostname="Avinash_Ashwini" failures="0" tests="1" name="TestCases.LoginTest" time="1.639" errors="0" timestamp="2023-12-16T15:18:01 IST" skipped="0">
  <testcase classname="TestCases.LoginTest" name="Login" time="1.639"/>
</testsuite> <!-- TestCases.LoginTest -->
