<?xml version="1.0" encoding="UTF-8"?>
<!-- Generated by org.testng.reporters.JUnitReportReporter -->
<testsuite hostname="Avinash_Ashwini" failures="0" tests="1" name="TestCases.LoginTest2" time="30.129" errors="0" timestamp="2023-12-03T14:12:55 IST" skipped="0">
  <testcase classname="TestCases.LoginTest2" name="Login" time="30.129"/>
</testsuite> <!-- TestCases.LoginTest2 -->
