<?xml version="1.0" encoding="UTF-8"?>
<!-- Generated by org.testng.reporters.JUnitReportReporter -->
<testsuite hostname="Avinash_Ashwini" failures="0" tests="1" name="TestCases.LoginTest2" time="0.304" errors="0" timestamp="2023-12-02T18:31:13 IST" skipped="0">
  <testcase classname="TestCases.LoginTest2" name="Login" time="0.304"/>
</testsuite> <!-- TestCases.LoginTest2 -->
